#
# There is insufficient memory for the Java Runtime Environment to continue.
# Native memory allocation (mmap) failed to map 264241152 bytes for G1 virtual space
# Possible reasons:
#   The system is out of physical RAM or swap space
#   The process is running with CompressedOops enabled, and the Java Heap may be blocking the growth of the native heap
# Possible solutions:
#   Reduce memory load on the system
#   Increase physical memory or swap space
#   Check if swap backing store is full
#   Decrease Java heap size (-Xmx/-Xms)
#   Decrease number of Java threads
#   Decrease Java thread stack sizes (-Xss)
#   Set larger code cache with -XX:ReservedCodeCacheSize=
#   JVM is running with Zero Based Compressed Oops mode in which the Java heap is
#     placed in the first 32GB address space. The Java Heap base address is the
#     maximum limit for the native heap growth. Please use -XX:HeapBaseMinAddress
#     to set the Java Heap base and to place the Java Heap above 32GB virtual address.
# This output file may be truncated or incomplete.
#
#  Out of Memory Error (os_windows.cpp:3600), pid=14824, tid=33924
#
# JRE version:  (21.0.2+13) (build )
# Java VM: Java HotSpot(TM) 64-Bit Server VM (21.0.2+13-LTS-58, mixed mode, sharing, tiered, compressed oops, compressed class ptrs, g1 gc, windows-amd64)
# No core dump will be written. Minidumps are not enabled by default on client versions of Windows
#

---------------  S U M M A R Y ------------

Command Line: --enable-preview -XX:+ShowCodeDetailsInExceptionMessages SignupOne

Host: 12th Gen Intel(R) Core(TM) i7-1255U, 12 cores, 15G,  Windows 11 , 64 bit Build 22621 (10.0.22621.3085)
Time: Wed Feb 28 18:46:29 2024 India Standard Time elapsed time: 0.010767 seconds (0d 0h 0m 0s)

---------------  T H R E A D  ---------------

Current thread (0x000001340a6f1a70):  JavaThread "Unknown thread" [_thread_in_vm, id=33924, stack(0x0000002fc2800000,0x0000002fc2900000) (1024K)]

Stack: [0x0000002fc2800000,0x0000002fc2900000]
Native frames: (J=compiled Java code, j=interpreted, Vv=VM code, C=native code)
V  [jvm.dll+0x6cade9]
V  [jvm.dll+0x8569c1]
V  [jvm.dll+0x858d2e]
V  [jvm.dll+0x859413]
V  [jvm.dll+0x280e56]
V  [jvm.dll+0x6c74d5]
V  [jvm.dll+0x6bbeca]
V  [jvm.dll+0x355bca]
V  [jvm.dll+0x35d816]
V  [jvm.dll+0x3ae67e]
V  [jvm.dll+0x3ae928]
V  [jvm.dll+0x3295dc]
V  [jvm.dll+0x32a16b]
V  [jvm.dll+0x81efa9]
V  [jvm.dll+0x3bba01]
V  [jvm.dll+0x807928]
V  [jvm.dll+0x44f50e]
V  [jvm.dll+0x450e11]
C  [jli.dll+0x52a3]
C  [ucrtbase.dll+0x29363]
C  [KERNEL32.DLL+0x1257d]
C  [ntdll.dll+0x5aa58]


---------------  P R O C E S S  ---------------

Threads class SMR info:
_java_thread_list=0x00007ffd280fbb88, length=0, elements={
}

Java Threads: ( => current thread )
Total: 0

Other Threads:
  0x000001340a6cdb20 WorkerThread "GC Thread#0"                     [id=48112, stack(0x0000002fc2900000,0x0000002fc2a00000) (1024K)]
  0x000001340ca21740 ConcurrentGCThread "G1 Main Marker"            [id=45140, stack(0x0000002fc2a00000,0x0000002fc2b00000) (1024K)]
  0x000001340a6cc900 WorkerThread "G1 Conc#0"                       [id=18192, stack(0x0000002fc2b00000,0x0000002fc2c00000) (1024K)]

[error occurred during error reporting (printing all threads), id 0xc0000005, EXCEPTION_ACCESS_VIOLATION (0xc0000005) at pc=0x00007ffd2786c6a7]
VM state: not at safepoint (not fully initialized)

VM Mutex/Monitor currently owned by a thread:  ([mutex/lock_event])
[0x00007ffd2816ce68] Heap_lock - owner thread: 0x000001340a6f1a70

Heap address: 0x0000000704400000, size: 4028 MB, Compressed Oops mode: Zero based, Oop shift amount: 3

CDS archive(s) mapped at: [0x0000000000000000-0x0000000000000000-0x0000000000000000), size 0, SharedBaseAddress: 0x0000000800000000, ArchiveRelocationMode: 1.
Narrow klass base: 0x0000000000000000, Narrow klass shift: 0, Narrow klass range: 0x0

GC Precious Log:
 CardTable entry size: 512
 Card Set container configuration: InlinePtr #cards 4 size 8 Array Of Cards #cards 16 size 48 Howl #buckets 8 coarsen threshold 3686 Howl Bitmap #cards 512 size 80 coarsen threshold 460 Card regions per heap region 1 cards per card region 4096

Heap:
 garbage-first heap   total 0K, used 0K [0x0000000704400000, 0x0000000800000000)
  region size 2048K, 0 young (0K), 0 survivors (0K)

[error occurred during error reporting (printing heap information), id 0xc0000005, EXCEPTION_ACCESS_VIOLATION (0xc0000005) at pc=0x00007ffd27c539f9]
GC Heap History (0 events):
No events

Dll operation events (1 events):
Event: 0.006 Loaded shared library C:\Program Files\Java\jdk-21\bin\java.dll

Deoptimization events (0 events):
No events

Classes loaded (0 events):
No events

Classes unloaded (0 events):
No events

Classes redefined (0 events):
No events

Internal exceptions (0 events):
No events

ZGC Phase Switch (0 events):
No events

VM Operations (0 events):
No events

Events (0 events):
No events


Dynamic libraries:
0x00007ff694fd0000 - 0x00007ff694fe0000 	C:\Program Files\Java\jdk-21\bin\java.exe
0x00007ffd89230000 - 0x00007ffd89447000 	C:\Windows\SYSTEM32\ntdll.dll
0x00007ffd88410000 - 0x00007ffd884d4000 	C:\Windows\System32\KERNEL32.DLL
0x00007ffd868a0000 - 0x00007ffd86c46000 	C:\Windows\System32\KERNELBASE.dll
0x00007ffd86630000 - 0x00007ffd86741000 	C:\Windows\System32\ucrtbase.dll
0x00007ffd5e690000 - 0x00007ffd5e6a9000 	C:\Program Files\Java\jdk-21\bin\jli.dll
0x00007ffd5ed50000 - 0x00007ffd5ed6b000 	C:\Program Files\Java\jdk-21\bin\VCRUNTIME140.dll
0x00007ffd88530000 - 0x00007ffd885e3000 	C:\Windows\System32\ADVAPI32.dll
0x00007ffd87ab0000 - 0x00007ffd87b57000 	C:\Windows\System32\msvcrt.dll
0x00007ffd88620000 - 0x00007ffd886c8000 	C:\Windows\System32\sechost.dll
0x00007ffd867c0000 - 0x00007ffd867e8000 	C:\Windows\System32\bcrypt.dll
0x00007ffd882f0000 - 0x00007ffd88407000 	C:\Windows\System32\RPCRT4.dll
0x00007ffd88100000 - 0x00007ffd882ae000 	C:\Windows\System32\USER32.dll
0x00007ffd86870000 - 0x00007ffd86896000 	C:\Windows\System32\win32u.dll
0x00007ffd885f0000 - 0x00007ffd88619000 	C:\Windows\System32\GDI32.dll
0x00007ffd86e60000 - 0x00007ffd86f78000 	C:\Windows\System32\gdi32full.dll
0x00007ffd86dc0000 - 0x00007ffd86e5a000 	C:\Windows\System32\msvcp_win.dll
0x00007ffd6a9a0000 - 0x00007ffd6ac33000 	C:\Windows\WinSxS\amd64_microsoft.windows.common-controls_6595b64144ccf1df_6.0.22621.2506_none_270c5ae97388e100\COMCTL32.dll
0x00007ffd7d100000 - 0x00007ffd7d10a000 	C:\Windows\SYSTEM32\VERSION.dll
0x00007ffd882b0000 - 0x00007ffd882e1000 	C:\Windows\System32\IMM32.DLL
0x00007ffd668b0000 - 0x00007ffd668bc000 	C:\Program Files\Java\jdk-21\bin\vcruntime140_1.dll
0x00007ffd43e40000 - 0x00007ffd43ece000 	C:\Program Files\Java\jdk-21\bin\msvcp140.dll
0x00007ffd27530000 - 0x00007ffd28247000 	C:\Program Files\Java\jdk-21\bin\server\jvm.dll
0x00007ffd88f90000 - 0x00007ffd89001000 	C:\Windows\System32\WS2_32.dll
0x00007ffd86390000 - 0x00007ffd863dd000 	C:\Windows\SYSTEM32\POWRPROF.dll
0x00007ffd7e340000 - 0x00007ffd7e374000 	C:\Windows\SYSTEM32\WINMM.dll
0x00007ffd86270000 - 0x00007ffd86283000 	C:\Windows\SYSTEM32\UMPDC.dll
0x00007ffd85580000 - 0x00007ffd85598000 	C:\Windows\SYSTEM32\kernel.appcore.dll
0x00007ffd66590000 - 0x00007ffd6659a000 	C:\Program Files\Java\jdk-21\bin\jimage.dll
0x00007ffd837b0000 - 0x00007ffd839e3000 	C:\Windows\SYSTEM32\DBGHELP.DLL
0x00007ffd871a0000 - 0x00007ffd87529000 	C:\Windows\System32\combase.dll
0x00007ffd89100000 - 0x00007ffd891d7000 	C:\Windows\System32\OLEAUT32.dll
0x00007ffd76840000 - 0x00007ffd76872000 	C:\Windows\SYSTEM32\dbgcore.DLL
0x00007ffd867f0000 - 0x00007ffd8686a000 	C:\Windows\System32\bcryptPrimitives.dll
0x00007ffd5e670000 - 0x00007ffd5e68f000 	C:\Program Files\Java\jdk-21\bin\java.dll

dbghelp: loaded successfully - version: 4.0.5 - missing functions: none
symbol engine: initialized successfully - sym options: 0x614 - pdb path: .;C:\Program Files\Java\jdk-21\bin;C:\Windows\SYSTEM32;C:\Windows\WinSxS\amd64_microsoft.windows.common-controls_6595b64144ccf1df_6.0.22621.2506_none_270c5ae97388e100;C:\Program Files\Java\jdk-21\bin\server

VM Arguments:
jvm_args: --enable-preview -XX:+ShowCodeDetailsInExceptionMessages 
java_command: SignupOne
java_class_path (initial): C:\Users\arvin\AppData\Roaming\Code\User\workspaceStorage\317b7fcffd2a2e8b82cde76a02b399ff\redhat.java\jdt_ws\Bank Management System_e11a4782\bin;c:\Users\arvin\OneDrive\Desktop\Bank Management System\lib\jcalendar-tz-1.3.3-4.jar
Launcher Type: SUN_STANDARD

[Global flags]
     intx CICompilerCount                          = 4                                         {product} {ergonomic}
     uint ConcGCThreads                            = 3                                         {product} {ergonomic}
     uint G1ConcRefinementThreads                  = 10                                        {product} {ergonomic}
   size_t G1HeapRegionSize                         = 2097152                                   {product} {ergonomic}
    uintx GCDrainStackTargetSize                   = 64                                        {product} {ergonomic}
   size_t InitialHeapSize                          = 264241152                                 {product} {ergonomic}
   size_t MarkStackSize                            = 4194304                                   {product} {ergonomic}
   size_t MaxHeapSize                              = 4223664128                                {product} {ergonomic}
   size_t MinHeapDeltaBytes                        = 2097152                                   {product} {ergonomic}
   size_t MinHeapSize                              = 8388608                                   {product} {ergonomic}
    uintx NonNMethodCodeHeapSize                   = 5839372                                {pd product} {ergonomic}
    uintx NonProfiledCodeHeapSize                  = 122909434                              {pd product} {ergonomic}
    uintx ProfiledCodeHeapSize                     = 122909434                              {pd product} {ergonomic}
    uintx ReservedCodeCacheSize                    = 251658240                              {pd product} {ergonomic}
     bool SegmentedCodeCache                       = true                                      {product} {ergonomic}
     bool ShowCodeDetailsInExceptionMessages       = true                                   {manageable} {command line}
   size_t SoftMaxHeapSize                          = 4223664128                             {manageable} {ergonomic}
     bool UseCompressedOops                        = true                           {product lp64_product} {ergonomic}
     bool UseG1GC                                  = true                                      {product} {ergonomic}
     bool UseLargePagesIndividualAllocation        = false                                  {pd product} {ergonomic}

Logging:
Log output configuration:
 #0: stdout all=warning uptime,level,tags foldmultilines=false
 #1: stderr all=off uptime,level,tags foldmultilines=false

Environment Variables:
PATH=C:\Program Files\Common Files\Oracle\Java\javapath;C:\Windows\system32;C:\Windows;C:\Windows\System32\Wbem;C:\Windows\System32\WindowsPowerShell\v1.0\;C:\Windows\System32\OpenSSH\;C:\Program Files\Git\cmd;C:\Program Files\Java\jdk-21\bin;C:\Program Files\MySQL\MySQL Shell 8.0\bin\;C:\Users\arvin\AppData\Local\Microsoft\WindowsApps;;C:\Users\arvin\AppData\Local\Programs\Microsoft VS Code\bin
USERNAME=arvin
LANG=en_US.UTF-8
OS=Windows_NT
PROCESSOR_IDENTIFIER=Intel64 Family 6 Model 154 Stepping 4, GenuineIntel
TMP=C:\Users\arvin\AppData\Local\Temp
TEMP=C:\Users\arvin\AppData\Local\Temp




Periodic native trim disabled

---------------  S Y S T E M  ---------------

OS:
 Windows 11 , 64 bit Build 22621 (10.0.22621.3085)
OS uptime: 12 days 5:44 hours
Hyper-V role detected

CPU: total 12 (initial active 12) (6 cores per cpu, 2 threads per core) family 6 model 154 stepping 4 microcode 0x424, cx8, cmov, fxsr, ht, mmx, 3dnowpref, sse, sse2, sse3, ssse3, sse4.1, sse4.2, popcnt, lzcnt, tsc, tscinvbit, avx, avx2, aes, erms, clmul, bmi1, bmi2, adx, sha, fma, vzeroupper, clflush, clflushopt, clwb, hv, serialize, rdtscp, rdpid, fsrm, f16c, cet_ibt, cet_ss
Processor Information for processor 0
  Max Mhz: 1700, Current Mhz: 1700, Mhz Limit: 1700
Processor Information for processor 1
  Max Mhz: 1700, Current Mhz: 1700, Mhz Limit: 1700
Processor Information for processor 2
  Max Mhz: 1700, Current Mhz: 1700, Mhz Limit: 1700
Processor Information for processor 3
  Max Mhz: 1700, Current Mhz: 1700, Mhz Limit: 1700
Processor Information for processor 4
  Max Mhz: 1200, Current Mhz: 1200, Mhz Limit: 1200
Processor Information for processor 5
  Max Mhz: 1200, Current Mhz: 1200, Mhz Limit: 1200
Processor Information for processor 6
  Max Mhz: 1200, Current Mhz: 1200, Mhz Limit: 1200
Processor Information for processor 7
  Max Mhz: 1200, Current Mhz: 1200, Mhz Limit: 1200
Processor Information for processor 8
  Max Mhz: 1200, Current Mhz: 1200, Mhz Limit: 1200
Processor Information for processor 9
  Max Mhz: 1200, Current Mhz: 1200, Mhz Limit: 1200
Processor Information for processor 10
  Max Mhz: 1200, Current Mhz: 1200, Mhz Limit: 1200
Processor Information for processor 11
  Max Mhz: 1200, Current Mhz: 1200, Mhz Limit: 1200

Memory: 4k page, system-wide physical 16108M (2618M free)
TotalPageFile size 51849M (AvailPageFile size 81M)
current process WorkingSet (physical memory assigned to process): 12M, peak: 12M
current process commit charge ("private bytes"): 64M, peak: 316M

vm_info: Java HotSpot(TM) 64-Bit Server VM (21.0.2+13-LTS-58) for windows-amd64 JRE (21.0.2+13-LTS-58), built on 2024-01-05T18:32:24Z by "mach5one" with MS VC++ 17.1 (VS2022)

END.
